This is pdfeTeX, Version 3.141592-1.21a-2.2 (Web2C 7.5.4) (format=latex 2016.1.1)  30 MAY 2016 11:32
entering extended mode
**jole.dbj
(./jole.dbj
LaTeX2e <2003/12/01>
Babel <v3.8d> and hyphenation patterns for american, french, german, ngerman, b
ahasa, basque, bulgarian, catalan, croatian, czech, danish, dutch, esperanto, e
stonian, finnish, greek, icelandic, irish, italian, latin, magyar, norsk, polis
h, portuges, romanian, russian, serbian, slovak, slovene, spanish, swedish, tur
kish, ukrainian, nohyphenation, loaded.
(/usr/share/texmf/tex/latex/base/docstrip.tex
\blockLevel=\count79
\emptyLines=\count80
\processedLines=\count81
\commentsRemoved=\count82
\commentsPassed=\count83
\codeLinesPassed=\count84
\TotalprocessedLines=\count85
\TotalcommentsRemoved=\count86
\TotalcommentsPassed=\count87
\TotalcodeLinesPassed=\count88
\NumberOfFiles=\count89
\inFile=\read1
\inputcheck=\read2
\off@0=\count90
\off@1=\count91
\off@2=\count92
\off@3=\count93
\off@4=\count94
\off@5=\count95
\off@6=\count96
\off@7=\count97
\off@8=\count98
\off@9=\count99
\off@10=\count100
\off@11=\count101
\off@12=\count102
\off@13=\count103
\off@14=\count104
\off@15=\count105
\@maxfiles=\count106
\@maxoutfiles=\count107

Utility: `docstrip' 2.5c <2003/09/18>
English documentation    <1999/03/31>

**********************************************************
* This program converts documented macro-files into fast *
* loadable files by stripping off (nearly) all comments! *
**********************************************************

********************************************************
* No Configuration file found, using default settings. *
********************************************************

)

Generating file(s) ./jole.bst 
\openout0 = `./jole.bst'.


Processing file merlin.mbs (ay,nat,lang,pres,nm-revv1,jnrlst,nmdash,nmd-3,mcite
,mct-1,mct-x2,keyxyr,dt-beg,yr-per,note-yr,thtit-a,vnum-nr,pp-last,num-xser,ser
-vol,ser-ed,jnm-x,bkpg-x,add-pub,edparxc,bkedcap,edby,edbyx,ppx,ed,abr,ednx,xed
n,jabr,etal-xc,url,url-blk,nfss,) -> jole.bst
Lines  processed: 9446
Comments removed: 3867
Comments  passed: 1
Codelines passed: 3732

 ) 
Here is how much of TeX's memory you used:
 631 strings out of 94501
 5397 string characters out of 1176790
 60576 words of memory out of 1000000
 3892 multiletter control sequences out of 10000+50000
 3640 words of font info for 14 fonts, out of 500000 for 2000
 580 hyphenation exceptions out of 1000
 13i,0n,15p,311b,439s stack positions out of 1500i,500n,5000p,200000b,5000s

No pages of output.
